{"error":"jwt expired","level":"error","message":"Authentication check failed","timestamp":"2026-06-30 03:05:12"}
{"error":"jwt expired","level":"error","message":"Authentication check failed","timestamp":"2026-06-30 03:05:12"}
{"error":"jwt expired","level":"error","message":"Authentication check failed","timestamp":"2026-06-30 03:05:12"}
{"error":"jwt expired","level":"error","message":"Authentication check failed","timestamp":"2026-06-30 03:05:12"}
{"error":"jwt expired","level":"error","message":"Authentication check failed","timestamp":"2026-06-30 03:05:12"}
{"error":"jwt expired","level":"error","message":"Authentication check failed","timestamp":"2026-06-30 03:05:12"}
{"error":"jwt expired","level":"error","message":"Authentication check failed","timestamp":"2026-06-30 03:05:12"}
{"error":"jwt expired","level":"error","message":"Authentication check failed","timestamp":"2026-06-30 03:05:12"}
{"error":"jwt expired","level":"error","message":"Authentication check failed","timestamp":"2026-06-30 03:05:12"}
{"error":"jwt expired","level":"error","message":"Authentication check failed","timestamp":"2026-06-30 03:05:13"}
{"error":"jwt expired","level":"error","message":"Authentication check failed","timestamp":"2026-06-30 03:21:42"}
{"error":"jwt expired","level":"error","message":"Authentication check failed","timestamp":"2026-06-30 03:21:42"}
{"error":"jwt expired","level":"error","message":"Authentication check failed","timestamp":"2026-06-30 03:21:42"}
{"error":"jwt expired","level":"error","message":"Authentication check failed","timestamp":"2026-06-30 03:21:42"}
{"error":"jwt expired","level":"error","message":"Authentication check failed","timestamp":"2026-06-30 03:21:42"}
{"error":"jwt expired","level":"error","message":"Authentication check failed","timestamp":"2026-06-30 03:21:42"}
{"error":"jwt expired","level":"error","message":"Authentication check failed","timestamp":"2026-06-30 03:21:42"}
{"error":"jwt expired","level":"error","message":"Authentication check failed","timestamp":"2026-06-30 03:21:42"}
{"error":"jwt expired","level":"error","message":"Authentication check failed","timestamp":"2026-06-30 03:21:42"}
{"error":"jwt expired","level":"error","message":"Authentication check failed","timestamp":"2026-06-30 03:21:42"}
{"error":"jwt expired","level":"error","message":"Authentication check failed","timestamp":"2026-06-30 03:21:42"}
{"error":"jwt expired","level":"error","message":"Authentication check failed","timestamp":"2026-06-30 03:21:42"}
{"error":"jwt malformed","level":"error","message":"Authentication check failed","timestamp":"2026-06-30 03:29:07"}
{"error":"jwt malformed","level":"error","message":"Authentication check failed","timestamp":"2026-06-30 03:29:20"}
{"error":"jwt malformed","level":"error","message":"Authentication check failed","timestamp":"2026-06-30 03:30:41"}
{"error":"jwt expired","level":"error","message":"Authentication check failed","timestamp":"2026-06-30 03:36:51"}
{"error":"jwt expired","level":"error","message":"Authentication check failed","timestamp":"2026-06-30 03:36:51"}
{"error":"jwt expired","level":"error","message":"Authentication check failed","timestamp":"2026-06-30 03:36:51"}
{"error":"jwt expired","level":"error","message":"Authentication check failed","timestamp":"2026-06-30 03:36:51"}
{"error":"jwt expired","level":"error","message":"Authentication check failed","timestamp":"2026-06-30 03:36:51"}
{"error":"jwt expired","level":"error","message":"Authentication check failed","timestamp":"2026-06-30 03:36:51"}
{"error":"jwt expired","level":"error","message":"Authentication check failed","timestamp":"2026-06-30 03:36:51"}
{"error":"jwt expired","level":"error","message":"Authentication check failed","timestamp":"2026-06-30 03:36:51"}
{"error":"jwt expired","level":"error","message":"Authentication check failed","timestamp":"2026-06-30 03:36:51"}
{"error":"jwt expired","level":"error","message":"Authentication check failed","timestamp":"2026-06-30 03:36:51"}
{"level":"error","message":"Invalid email or password","method":"POST","requestId":"6224b2a7-6c89-43ac-bf87-516e4b908ba1","stack":"Error: Invalid email or password\n    at AuthService.login (C:\\valli\\FlowCRM AI Enterprise\\backend\\src\\services\\auth.service.ts:123:19)\n    at login (C:\\valli\\FlowCRM AI Enterprise\\backend\\src\\controllers\\auth.controller.ts:70:22)","statusCode":401,"timestamp":"2026-06-30 03:40:55","url":"/api/v1/auth/login"}
{"error":"jwt expired","level":"error","message":"Authentication check failed","timestamp":"2026-06-30 03:55:48"}
{"error":"jwt expired","level":"error","message":"Authentication check failed","timestamp":"2026-06-30 03:55:48"}
{"error":"jwt expired","level":"error","message":"Authentication check failed","timestamp":"2026-06-30 03:55:48"}
{"error":"jwt expired","level":"error","message":"Authentication check failed","timestamp":"2026-06-30 03:55:48"}
{"error":"jwt expired","level":"error","message":"Authentication check failed","timestamp":"2026-06-30 03:55:48"}
{"error":"jwt expired","level":"error","message":"Authentication check failed","timestamp":"2026-06-30 03:55:48"}
{"error":"jwt expired","level":"error","message":"Authentication check failed","timestamp":"2026-06-30 03:55:48"}
{"error":"jwt expired","level":"error","message":"Authentication check failed","timestamp":"2026-06-30 03:55:48"}
{"error":"jwt expired","level":"error","message":"Authentication check failed","timestamp":"2026-06-30 03:55:48"}
{"error":"jwt expired","level":"error","message":"Authentication check failed","timestamp":"2026-06-30 03:55:48"}
{"error":"jwt expired","level":"error","message":"Authentication check failed","timestamp":"2026-06-30 04:28:41"}
{"error":"jwt expired","level":"error","message":"Authentication check failed","timestamp":"2026-06-30 04:28:43"}
{"error":"jwt expired","level":"error","message":"Authentication check failed","timestamp":"2026-06-30 04:28:43"}
{"error":"jwt expired","level":"error","message":"Authentication check failed","timestamp":"2026-06-30 04:28:43"}
{"error":"jwt expired","level":"error","message":"Authentication check failed","timestamp":"2026-06-30 04:28:43"}
{"level":"error","message":"Cannot destructure property 'responseMinutes' of 'req.body' as it is undefined.","method":"GET","requestId":"664bc5e3-7fee-4350-a625-9595cd7828f8","stack":"TypeError: Cannot destructure property 'responseMinutes' of 'req.body' as it is undefined.\n    at sla (C:\\valli\\FlowCRM AI Enterprise\\backend\\src\\leads\\controller\\lead.controller.ts:551:15)\n    at Layer.handleRequest (C:\\valli\\FlowCRM AI Enterprise\\backend\\node_modules\\router\\lib\\layer.js:152:17)\n    at next (C:\\valli\\FlowCRM AI Enterprise\\backend\\node_modules\\router\\lib\\route.js:157:13)\n    at C:\\valli\\FlowCRM AI Enterprise\\backend\\src\\middlewares\\permission.ts:59:5\n    at Layer.handleRequest (C:\\valli\\FlowCRM AI Enterprise\\backend\\node_modules\\router\\lib\\layer.js:152:17)\n    at next (C:\\valli\\FlowCRM AI Enterprise\\backend\\node_modules\\router\\lib\\route.js:157:13)\n    at Route.dispatch (C:\\valli\\FlowCRM AI Enterprise\\backend\\node_modules\\router\\lib\\route.js:117:3)\n    at handle (C:\\valli\\FlowCRM AI Enterprise\\backend\\node_modules\\router\\index.js:435:11)\n    at Layer.handleRequest (C:\\valli\\FlowCRM AI Enterprise\\backend\\node_modules\\router\\lib\\layer.js:152:17)\n    at C:\\valli\\FlowCRM AI Enterprise\\backend\\node_modules\\router\\index.js:295:15","statusCode":500,"timestamp":"2026-06-30 04:31:22","url":"/api/v1/leads/8651a571-52f4-4385-9a51-704550981db3/sla?responseMinutes=45"}
{"level":"error","message":"Cannot destructure property 'responseMinutes' of 'req.body' as it is undefined.","method":"GET","requestId":"8c043824-e4e9-4807-96b8-58f6c82576d0","stack":"TypeError: Cannot destructure property 'responseMinutes' of 'req.body' as it is undefined.\n    at sla (C:\\valli\\FlowCRM AI Enterprise\\backend\\src\\leads\\controller\\lead.controller.ts:551:15)\n    at Layer.handleRequest (C:\\valli\\FlowCRM AI Enterprise\\backend\\node_modules\\router\\lib\\layer.js:152:17)\n    at next (C:\\valli\\FlowCRM AI Enterprise\\backend\\node_modules\\router\\lib\\route.js:157:13)\n    at C:\\valli\\FlowCRM AI Enterprise\\backend\\src\\middlewares\\permission.ts:59:5\n    at Layer.handleRequest (C:\\valli\\FlowCRM AI Enterprise\\backend\\node_modules\\router\\lib\\layer.js:152:17)\n    at next (C:\\valli\\FlowCRM AI Enterprise\\backend\\node_modules\\router\\lib\\route.js:157:13)\n    at Route.dispatch (C:\\valli\\FlowCRM AI Enterprise\\backend\\node_modules\\router\\lib\\route.js:117:3)\n    at handle (C:\\valli\\FlowCRM AI Enterprise\\backend\\node_modules\\router\\index.js:435:11)\n    at Layer.handleRequest (C:\\valli\\FlowCRM AI Enterprise\\backend\\node_modules\\router\\lib\\layer.js:152:17)\n    at C:\\valli\\FlowCRM AI Enterprise\\backend\\node_modules\\router\\index.js:295:15","statusCode":500,"timestamp":"2026-06-30 04:31:22","url":"/api/v1/leads/8651a571-52f4-4385-9a51-704550981db3/sla?responseMinutes=45"}
{"error":"jwt expired","level":"error","message":"Authentication check failed","timestamp":"2026-06-30 20:48:32"}
{"error":"jwt expired","level":"error","message":"Authentication check failed","timestamp":"2026-06-30 20:48:32"}
{"error":"jwt expired","level":"error","message":"Authentication check failed","timestamp":"2026-06-30 20:48:32"}
{"error":"jwt expired","level":"error","message":"Authentication check failed","timestamp":"2026-06-30 20:48:32"}
{"error":"jwt expired","level":"error","message":"Authentication check failed","timestamp":"2026-06-30 20:48:32"}
{"error":"jwt expired","level":"error","message":"Authentication check failed","timestamp":"2026-06-30 20:48:32"}
{"error":"jwt expired","level":"error","message":"Authentication check failed","timestamp":"2026-06-30 20:48:32"}
{"error":"jwt expired","level":"error","message":"Authentication check failed","timestamp":"2026-06-30 20:48:32"}
{"error":"jwt expired","level":"error","message":"Authentication check failed","timestamp":"2026-06-30 20:48:32"}
{"error":"jwt expired","level":"error","message":"Authentication check failed","timestamp":"2026-06-30 20:48:32"}
{"level":"error","message":"Prisma Error: \nInvalid `prisma.$queryRaw()` invocation:\n\n\nRaw query failed. Code: `N/A`. Message: `Server has closed the connection.`","timestamp":"2026-06-30 20:49:15"}
{"clientVersion":"7.8.0","code":"P2010","level":"error","message":"Prisma database connection healthcheck failed \nInvalid `prisma.$queryRaw()` invocation:\n\n\nRaw query failed. Code: `N/A`. Message: `Server has closed the connection.`","meta":{"driverAdapterError":{"cause":{"kind":"ConnectionClosed"},"name":"DriverAdapterError"}},"name":"PrismaClientKnownRequestError","stack":"PrismaClientKnownRequestError: \nInvalid `prisma.$queryRaw()` invocation:\n\n\nRaw query failed. Code: `N/A`. Message: `Server has closed the connection.`\n    at zr.handleRequestError (C:\\valli\\FlowCRM AI Enterprise\\backend\\node_modules\\@prisma\\client\\src\\runtime\\RequestHandler.ts:237:13)\n    at zr.handleAndLogRequestError (C:\\valli\\FlowCRM AI Enterprise\\backend\\node_modules\\@prisma\\client\\src\\runtime\\RequestHandler.ts:183:12)\n    at zr.request (C:\\valli\\FlowCRM AI Enterprise\\backend\\node_modules\\@prisma\\client\\src\\runtime\\RequestHandler.ts:152:12)\n    at processTicksAndRejections (node:internal/process/task_queues:103:5)\n    at a (C:\\valli\\FlowCRM AI Enterprise\\backend\\node_modules\\@prisma\\client\\src\\runtime\\getPrismaClient.ts:963:24)\n    at Object.checkConnection (C:\\valli\\FlowCRM AI Enterprise\\backend\\src\\database\\db.ts:51:7)\n    at Server.<anonymous> (C:\\valli\\FlowCRM AI Enterprise\\backend\\src\\server.ts:14:21)","timestamp":"2026-06-30 20:49:15"}
{"level":"error","message":"CRITICAL: Failed to establish database connection during boot.","timestamp":"2026-06-30 20:49:15"}
{"level":"error","message":"Invalid email or password","method":"POST","requestId":"ba6ebd83-f09a-4f4a-b590-c75a52571c8a","stack":"Error: Invalid email or password\n    at AuthService.login (C:\\valli\\FlowCRM AI Enterprise\\backend\\src\\services\\auth.service.ts:123:19)\n    at login (C:\\valli\\FlowCRM AI Enterprise\\backend\\src\\controllers\\auth.controller.ts:70:22)","statusCode":401,"timestamp":"2026-06-30 20:50:12","url":"/api/v1/auth/login"}
